<?xml version="1.0" encoding="UTF-8"?>
<!-- Generated by org.testng.reporters.JUnitXMLReporter -->
<testsuite ignored="0" hostname="DESKTOP-N2O8J3T" failures="0" tests="3" name="Default test" time="46.949" errors="0" timestamp="2024-10-30T15:00:05 IST">
  <testcase classname="com.crm.qa.testcases.LoginPageTest" name="loginPageTitleTest" time="0.062"/>
  <testcase classname="com.crm.qa.testcases.LoginPageTest" name="crmLogoImageTest" time="0.164"/>
  <testcase classname="com.crm.qa.testcases.LoginPageTest" name="loginTest" time="12.091"/>
</testsuite> <!-- Default test -->
