-------------------------------------------------------------------------------
Test set: TestSuite
-------------------------------------------------------------------------------
Tests run: 3, Failures: 1, Errors: 0, Skipped: 0, Time elapsed: 51.606 s <<< FAILURE! - in TestSuite
loginPageTitleTest(com.crm.qa.testcases.LoginPageTest)  Time elapsed: 0.669 s  <<< FAILURE!
java.lang.AssertionError: expected [Free CRM software for customer relationship management, sales, and .] but found [Free CRM software for customer relationship management, sales, and support.]
	at com.crm.qa.testcases.LoginPageTest.loginPageTitleTest(LoginPageTest.java:44)

