<?xml version="1.0" encoding="UTF-8"?>
<!-- Generated by org.testng.reporters.JUnitXMLReporter -->
<testsuite ignored="0" hostname="DESKTOP-N2O8J3T" failures="1" tests="3" name="Free CRM App Test Cases" time="45.823" errors="0" timestamp="2024-10-29T16:22:33 IST">
  <testcase classname="com.crm.qa.testcases.LoginPageTest" name="loginPageTitleTest" time="0.046">
    <failure type="java.lang.AssertionError" message="expected [Free CRM Software for customer relationship management, sales and support.] but found [Free CRM software for customer relationship management, sales, and support.]">
      <![CDATA[java.lang.AssertionError: expected [Free CRM Software for customer relationship management, sales and support.] but found [Free CRM software for customer relationship management, sales, and support.]
at com.crm.qa.testcases.LoginPageTest.loginPageTitleTest(LoginPageTest.java:44)
at java.base/java.util.ArrayList.forEach(ArrayList.java:1511)
... Removed 35 stack frames]]>
    </failure>
  </testcase> <!-- loginPageTitleTest -->
  <testcase classname="com.crm.qa.testcases.LoginPageTest" name="crmLogoImageTest" time="0.163"/>
  <testcase classname="com.crm.qa.testcases.LoginPageTest" name="loginTest" time="18.554"/>
</testsuite> <!-- Free CRM App Test Cases -->
